<?xml version="1.0" encoding="UTF-8"?>
<testsuite name="ie.tcd.wayfinder.highlevel.navigation.LibraryTest" tests="7" skipped="0" failures="0" errors="0" timestamp="2019-02-19T16:34:35" hostname="LAPTOP-BIOU57LM" time="0.561">
  <properties/>
  <testcase name="getRouteEmptyDestination" classname="ie.tcd.wayfinder.highlevel.navigation.LibraryTest" time="0.146"/>
  <testcase name="getRouteLetterCoordinates" classname="ie.tcd.wayfinder.highlevel.navigation.LibraryTest" time="0.026"/>
  <testcase name="getRouteDecimalNumber" classname="ie.tcd.wayfinder.highlevel.navigation.LibraryTest" time="0.34"/>
  <testcase name="getIllegalLat" classname="ie.tcd.wayfinder.highlevel.navigation.LibraryTest" time="0.005"/>
  <testcase name="getIllegalLng" classname="ie.tcd.wayfinder.highlevel.navigation.LibraryTest" time="0.006"/>
  <testcase name="getRouteEmptyStart" classname="ie.tcd.wayfinder.highlevel.navigation.LibraryTest" time="0.005"/>
  <testcase name="getRoute" classname="ie.tcd.wayfinder.highlevel.navigation.LibraryTest" time="0.026"/>
  <system-out><![CDATA[16:34:33.066 [Test worker] DEBUG org.springframework.test.context.junit4.SpringJUnit4ClassRunner - SpringJUnit4ClassRunner constructor called with [class ie.tcd.wayfinder.highlevel.navigation.LibraryTest]
16:34:33.078 [Test worker] DEBUG org.springframework.test.context.BootstrapUtils - Instantiating CacheAwareContextLoaderDelegate from class [org.springframework.test.context.cache.DefaultCacheAwareContextLoaderDelegate]
16:34:33.086 [Test worker] DEBUG org.springframework.test.context.BootstrapUtils - Instantiating BootstrapContext using constructor [public org.springframework.test.context.support.DefaultBootstrapContext(java.lang.Class,org.springframework.test.context.CacheAwareContextLoaderDelegate)]
16:34:33.111 [Test worker] DEBUG org.springframework.test.context.BootstrapUtils - Instantiating TestContextBootstrapper for test class [ie.tcd.wayfinder.highlevel.navigation.LibraryTest] from class [org.springframework.boot.test.context.SpringBootTestContextBootstrapper]
16:34:33.124 [Test worker] INFO org.springframework.boot.test.context.SpringBootTestContextBootstrapper - Neither @ContextConfiguration nor @ContextHierarchy found for test class [ie.tcd.wayfinder.highlevel.navigation.LibraryTest], using SpringBootContextLoader
16:34:33.126 [Test worker] DEBUG org.springframework.test.context.support.AbstractContextLoader - Did not detect default resource location for test class [ie.tcd.wayfinder.highlevel.navigation.LibraryTest]: class path resource [ie/tcd/wayfinder/highlevel/navigation/LibraryTest-context.xml] does not exist
16:34:33.126 [Test worker] DEBUG org.springframework.test.context.support.AbstractContextLoader - Did not detect default resource location for test class [ie.tcd.wayfinder.highlevel.navigation.LibraryTest]: class path resource [ie/tcd/wayfinder/highlevel/navigation/LibraryTestContext.groovy] does not exist
16:34:33.127 [Test worker] INFO org.springframework.test.context.support.AbstractContextLoader - Could not detect default resource locations for test class [ie.tcd.wayfinder.highlevel.navigation.LibraryTest]: no resource found for suffixes {-context.xml, Context.groovy}.
16:34:33.180 [Test worker] DEBUG org.springframework.test.context.support.ActiveProfilesUtils - Could not find an 'annotation declaring class' for annotation type [org.springframework.test.context.ActiveProfiles] and class [ie.tcd.wayfinder.highlevel.navigation.LibraryTest]
16:34:33.318 [Test worker] DEBUG org.springframework.boot.test.context.SpringBootTestContextBootstrapper - @TestExecutionListeners is not present for class [ie.tcd.wayfinder.highlevel.navigation.LibraryTest]: using defaults.
16:34:33.318 [Test worker] INFO org.springframework.boot.test.context.SpringBootTestContextBootstrapper - Loaded default TestExecutionListener class names from location [META-INF/spring.factories]: [org.springframework.boot.test.autoconfigure.restdocs.RestDocsTestExecutionListener, org.springframework.boot.test.autoconfigure.web.client.MockRestServiceServerResetTestExecutionListener, org.springframework.boot.test.autoconfigure.web.servlet.MockMvcPrintOnlyOnFailureTestExecutionListener, org.springframework.boot.test.autoconfigure.web.servlet.WebDriverTestExecutionListener, org.springframework.boot.test.mock.mockito.MockitoTestExecutionListener, org.springframework.boot.test.mock.mockito.ResetMocksTestExecutionListener, org.springframework.test.context.web.ServletTestExecutionListener, org.springframework.test.context.support.DirtiesContextBeforeModesTestExecutionListener, org.springframework.test.context.support.DependencyInjectionTestExecutionListener, org.springframework.test.context.support.DirtiesContextTestExecutionListener, org.springframework.test.context.transaction.TransactionalTestExecutionListener, org.springframework.test.context.jdbc.SqlScriptsTestExecutionListener]
16:34:33.326 [Test worker] DEBUG org.springframework.boot.test.context.SpringBootTestContextBootstrapper - Skipping candidate TestExecutionListener [org.springframework.test.context.transaction.TransactionalTestExecutionListener] due to a missing dependency. Specify custom listener classes or make the default listener classes and their required dependencies available. Offending class: [org/springframework/transaction/interceptor/TransactionAttributeSource]
16:34:33.327 [Test worker] DEBUG org.springframework.boot.test.context.SpringBootTestContextBootstrapper - Skipping candidate TestExecutionListener [org.springframework.test.context.jdbc.SqlScriptsTestExecutionListener] due to a missing dependency. Specify custom listener classes or make the default listener classes and their required dependencies available. Offending class: [org/springframework/transaction/interceptor/TransactionAttribute]
16:34:33.327 [Test worker] INFO org.springframework.boot.test.context.SpringBootTestContextBootstrapper - Using TestExecutionListeners: [org.springframework.test.context.web.ServletTestExecutionListener@2a375f8b, org.springframework.test.context.support.DirtiesContextBeforeModesTestExecutionListener@4e1ebc76, org.springframework.boot.test.mock.mockito.MockitoTestExecutionListener@58c28ad7, org.springframework.boot.test.autoconfigure.SpringBootDependencyInjectionTestExecutionListener@25acb4b2, org.springframework.test.context.support.DirtiesContextTestExecutionListener@35f76c8b, org.springframework.boot.test.autoconfigure.restdocs.RestDocsTestExecutionListener@eb19b4f, org.springframework.boot.test.autoconfigure.web.client.MockRestServiceServerResetTestExecutionListener@42692c7c, org.springframework.boot.test.autoconfigure.web.servlet.MockMvcPrintOnlyOnFailureTestExecutionListener@2a019a7, org.springframework.boot.test.autoconfigure.web.servlet.WebDriverTestExecutionListener@cbdbe4c, org.springframework.boot.test.mock.mockito.ResetMocksTestExecutionListener@ed42777]
16:34:33.330 [Test worker] DEBUG org.springframework.test.annotation.ProfileValueUtils - Retrieved @ProfileValueSourceConfiguration [null] for test class [ie.tcd.wayfinder.highlevel.navigation.LibraryTest]
16:34:33.331 [Test worker] DEBUG org.springframework.test.annotation.ProfileValueUtils - Retrieved ProfileValueSource type [class org.springframework.test.annotation.SystemProfileValueSource] for class [ie.tcd.wayfinder.highlevel.navigation.LibraryTest]
16:34:33.331 [Test worker] DEBUG org.springframework.test.annotation.ProfileValueUtils - Retrieved @ProfileValueSourceConfiguration [null] for test class [ie.tcd.wayfinder.highlevel.navigation.LibraryTest]
16:34:33.331 [Test worker] DEBUG org.springframework.test.annotation.ProfileValueUtils - Retrieved ProfileValueSource type [class org.springframework.test.annotation.SystemProfileValueSource] for class [ie.tcd.wayfinder.highlevel.navigation.LibraryTest]
16:34:33.337 [Test worker] DEBUG org.springframework.test.context.support.AbstractDirtiesContextTestExecutionListener - Before test class: context [DefaultTestContext@27078e24 testClass = LibraryTest, testInstance = [null], testMethod = [null], testException = [null], mergedContextConfiguration = [WebMergedContextConfiguration@7cb0ddc9 testClass = LibraryTest, locations = '{}', classes = '{class ie.tcd.wayfinder.highlevel.navigation.Startup, class ie.tcd.wayfinder.highlevel.navigation.Startup}', contextInitializerClasses = '[]', activeProfiles = '{}', propertySourceLocations = '{}', propertySourceProperties = '{org.springframework.boot.test.context.SpringBootTestContextBootstrapper=true}', contextCustomizers = set[org.springframework.boot.test.autoconfigure.properties.PropertyMappingContextCustomizer@e7e8512, org.springframework.boot.test.autoconfigure.web.servlet.WebDriverContextCustomizerFactory$Customizer@2761d780, [ImportsContextCustomizer@63303416 key = [org.springframework.boot.test.autoconfigure.web.servlet.MockMvcAutoConfiguration, org.springframework.boot.test.autoconfigure.web.servlet.MockMvcSecurityAutoConfiguration, org.springframework.boot.test.autoconfigure.web.servlet.MockMvcWebClientAutoConfiguration, org.springframework.boot.test.autoconfigure.web.servlet.MockMvcWebDriverAutoConfiguration]], org.springframework.boot.test.context.filter.ExcludeFilterContextCustomizer@6a767c26, org.springframework.boot.test.json.DuplicateJsonObjectContextCustomizerFactory$DuplicateJsonObjectContextCustomizer@46f5bd3d, org.springframework.boot.test.mock.mockito.MockitoContextCustomizer@0, org.springframework.boot.test.web.client.TestRestTemplateContextCustomizer@39dab202], resourceBasePath = 'src/main/webapp', contextLoader = 'org.springframework.boot.test.context.SpringBootContextLoader', parent = [null]], attributes = map['org.springframework.test.context.web.ServletTestExecutionListener.activateListener' -> true]], class annotated with @DirtiesContext [false] with mode [null].
16:34:33.337 [Test worker] DEBUG org.springframework.test.annotation.ProfileValueUtils - Retrieved @ProfileValueSourceConfiguration [null] for test class [ie.tcd.wayfinder.highlevel.navigation.LibraryTest]
16:34:33.337 [Test worker] DEBUG org.springframework.test.annotation.ProfileValueUtils - Retrieved ProfileValueSource type [class org.springframework.test.annotation.SystemProfileValueSource] for class [ie.tcd.wayfinder.highlevel.navigation.LibraryTest]
16:34:33.357 [Test worker] DEBUG org.springframework.core.env.StandardEnvironment - Adding PropertySource 'systemProperties' with lowest search precedence
16:34:33.357 [Test worker] DEBUG org.springframework.core.env.StandardEnvironment - Adding PropertySource 'systemEnvironment' with lowest search precedence
16:34:33.358 [Test worker] DEBUG org.springframework.core.env.StandardEnvironment - Initialized StandardEnvironment with PropertySources [MapPropertySource@197843424 {name='systemProperties', properties={sun.desktop=windows, awt.toolkit=sun.awt.windows.WToolkit, java.specification.version=11, sun.cpu.isalist=amd64, sun.jnu.encoding=Cp1252, org.gradle.test.worker=2, java.class.path=C:\Users\Nicky\.gradle\caches\4.8.1\workerMain\gradle-worker.jar;C:\Users\Nicky\Documents\Advanced Software Engineering\TrinityWayFinders\Code\HighLevelAPI\build\classes\java\test;C:\Users\Nicky\Documents\Advanced Software Engineering\TrinityWayFinders\Code\HighLevelAPI\build\resources\test;C:\Users\Nicky\Documents\Advanced Software Engineering\TrinityWayFinders\Code\HighLevelAPI\build\classes\java\main;C:\Users\Nicky\Documents\Advanced Software Engineering\TrinityWayFinders\Code\HighLevelAPI\build\resources\main;C:\Users\Nicky\.gradle\caches\modules-2\files-2.1\org.apache.cxf\cxf-rt-rs-service-description-openapi-v3\3.2.4\3dda1237feac318370ac4f5ec13f8b10aba16ff1\cxf-rt-rs-service-description-openapi-v3-3.2.4.jar;C:\Users\Nicky\.gradle\caches\modules-2\files-2.1\org.webjars\swagger-ui\3.13.6\4cc3bf849ac2d009545897f8e7af6b355a6cefc5\swagger-ui-3.13.6.jar;C:\Users\Nicky\Documents\Advanced Software Engineering\TrinityWayFinders\Code\Libraries\RESTLibrary\build\libs\REST.jar;C:\Users\Nicky\.gradle\caches\modules-2\files-2.1\org.apache.httpcomponents\httpclient\4.5.7\dda059f4908e1b548b7ba68d81a3b05897f27cb0\httpclient-4.5.7.jar;C:\Users\Nicky\.gradle\caches\modules-2\files-2.1\org.apache.httpcomponents\httpcore\4.4.1\f5aa318bda4c6c8d688c9d00b90681dcd82ce636\httpcore-4.4.1.jar;C:\Users\Nicky\.gradle\caches\modules-2\files-2.1\org.springframework.boot\spring-boot-starter-web\2.0.5.RELEASE\52daa1f1509bd637a737206e54c06a17aabb9504\spring-boot-starter-web-2.0.5.RELEASE.jar;C:\Users\Nicky\.gradle\caches\modules-2\files-2.1\org.springframework.boot\spring-boot-starter-test\2.0.5.RELEASE\ab04ca2e76f6a8e786001352a81a10e4b0e7fbc8\spring-boot-starter-test-2.0.5.RELEASE.jar;C:\Users\Nicky\.gradle\caches\modules-2\files-2.1\junit\junit\4.12\2973d150c0dc1fefe998f834810d68f278ea58ec\junit-4.12.jar;C:\Users\Nicky\.gradle\caches\modules-2\files-2.1\org.apache.cxf\cxf-rt-rs-service-description-swagger-ui\3.2.4\ca593c934b439064f6c8d5dee9f860bf68154e60\cxf-rt-rs-service-description-swagger-ui-3.2.4.jar;C:\Users\Nicky\.gradle\caches\modules-2\files-2.1\org.apache.cxf\cxf-rt-frontend-jaxrs\3.2.4\735ec36e8fa3d04e4fb7db97ed4e81c2f064f8ab\cxf-rt-frontend-jaxrs-3.2.4.jar;C:\Users\Nicky\.gradle\caches\modules-2\files-2.1\io.swagger.core.v3\swagger-jaxrs2\2.0.0-rc4\9a4d64130638af63fc8ee6318442ec205aa7e990\swagger-jaxrs2-2.0.0-rc4.jar;C:\Users\Nicky\.gradle\caches\modules-2\files-2.1\commons-codec\commons-codec\1.11\3acb4705652e16236558f0f4f2192cc33c3bd189\commons-codec-1.11.jar;C:\Users\Nicky\.gradle\caches\modules-2\files-2.1\org.springframework.boot\spring-boot-starter-json\2.0.5.RELEASE\d0052ded4733ceb1fb7d927238f22f9a92099227\spring-boot-starter-json-2.0.5.RELEASE.jar;C:\Users\Nicky\.gradle\caches\modules-2\files-2.1\org.springframework.boot\spring-boot-starter\2.0.5.RELEASE\1f53487a373be18d064a5815e9bac9882ef15cdc\spring-boot-starter-2.0.5.RELEASE.jar;C:\Users\Nicky\.gradle\caches\modules-2\files-2.1\org.springframework.boot\spring-boot-starter-tomcat\2.0.5.RELEASE\eaac8a5d73b45400bc88cd7f6b5c99b5f0d5e9b7\spring-boot-starter-tomcat-2.0.5.RELEASE.jar;C:\Users\Nicky\.gradle\caches\modules-2\files-2.1\org.hibernate.validator\hibernate-validator\6.0.12.Final\478003e61b056c1f97840ba3e62ff31cdc89597\hibernate-validator-6.0.12.Final.jar;C:\Users\Nicky\.gradle\caches\modules-2\files-2.1\org.springframework\spring-webmvc\5.0.9.RELEASE\c18346caaeb8dc648c4cc01874996fd9fef76664\spring-webmvc-5.0.9.RELEASE.jar;C:\Users\Nicky\.gradle\caches\modules-2\files-2.1\org.springframework\spring-web\5.0.9.RELEASE\1ea3aab93340849313fa74ec626ddaf1fff9ed8e\spring-web-5.0.9.RELEASE.jar;C:\Users\Nicky\.gradle\caches\modules-2\files-2.1\org.hamcrest\hamcrest-library\1.3\4785a3c21320980282f9f33d0d1264a69040538f\hamcrest-library-1.3.jar;C:\Users\Nicky\.gradle\caches\modules-2\files-2.1\org.hamcrest\hamcrest-core\1.3\42a25dc3219429f0e5d060061f71acb49bf010a0\hamcrest-core-1.3.jar;C:\Users\Nicky\.gradle\caches\modules-2\files-2.1\org.springframework.boot\spring-boot-test-autoconfigure\2.0.5.RELEASE\54d5e8f9e88c6236fe164474f0aed5a8a1052c43\spring-boot-test-autoconfigure-2.0.5.RELEASE.jar;C:\Users\Nicky\.gradle\caches\modules-2\files-2.1\org.springframework.boot\spring-boot-test\2.0.5.RELEASE\ce6353f33217982357a6bdba6576015ea333304c\spring-boot-test-2.0.5.RELEASE.jar;C:\Users\Nicky\.gradle\caches\modules-2\files-2.1\com.jayway.jsonpath\json-path\2.4.0\765a4401ceb2dc8d40553c2075eb80a8fa35c2ae\json-path-2.4.0.jar;C:\Users\Nicky\.gradle\caches\modules-2\files-2.1\org.assertj\assertj-core\3.9.1\c5ce126b15f28d56cd8f960c1a6a058b9c9aea87\assertj-core-3.9.1.jar;C:\Users\Nicky\.gradle\caches\modules-2\files-2.1\org.mockito\mockito-core\2.15.0\b84bfbbc29cd22c9529409627af6ea2897f4fa85\mockito-core-2.15.0.jar;C:\Users\Nicky\.gradle\caches\modules-2\files-2.1\org.skyscreamer\jsonassert\1.5.0\6c9d5fe2f59da598d9aefc1cfc6528ff3cf32df3\jsonassert-1.5.0.jar;C:\Users\Nicky\.gradle\caches\modules-2\files-2.1\org.springframework\spring-test\5.0.9.RELEASE\218c8648f898453be92d550252e0ce2a84b54375\spring-test-5.0.9.RELEASE.jar;C:\Users\Nicky\.gradle\caches\modules-2\files-2.1\org.springframework.boot\spring-boot-autoconfigure\2.0.5.RELEASE\e5588642799e0c0c04638e255c3d3f31ba400ff4\spring-boot-autoconfigure-2.0.5.RELEASE.jar;C:\Users\Nicky\.gradle\caches\modules-2\files-2.1\org.springframework.boot\spring-boot\2.0.5.RELEASE\19a4624cbd89a318d10c79f289c6c816043850fb\spring-boot-2.0.5.RELEASE.jar;C:\Users\Nicky\.gradle\caches\modules-2\files-2.1\org.springframework\spring-context\5.0.9.RELEASE\2501e55acb6c2e84667cda3f845d1d00a0dc4e05\spring-context-5.0.9.RELEASE.jar;C:\Users\Nicky\.gradle\caches\modules-2\files-2.1\org.springframework\spring-expression\5.0.9.RELEASE\1f9db5ff3a758102c0434cc3457aa47c50c39a4a\spring-expression-5.0.9.RELEASE.jar;C:\Users\Nicky\.gradle\caches\modules-2\files-2.1\org.springframework\spring-aop\5.0.9.RELEASE\98003b099697fe46b6bdf18c7e3f66d7a1381060\spring-aop-5.0.9.RELEASE.jar;C:\Users\Nicky\.gradle\caches\modules-2\files-2.1\org.springframework\spring-beans\5.0.9.RELEASE\65f56fdab1bb90ad059e314d2f2f4cf76f9bdbde\spring-beans-5.0.9.RELEASE.jar;C:\Users\Nicky\.gradle\caches\modules-2\files-2.1\org.springframework\spring-core\5.0.9.RELEASE\9f9a828936d81afd49a603bda9cc1aed863a0d85\spring-core-5.0.9.RELEASE.jar;C:\Users\Nicky\.gradle\caches\modules-2\files-2.1\org.xmlunit\xmlunit-core\2.5.1\4ffdb346572a7356f7521cd3119ce5287d2e339d\xmlunit-core-2.5.1.jar;C:\Users\Nicky\.gradle\caches\modules-2\files-2.1\org.apache.cxf\cxf-rt-transports-http\3.2.4\db5639e24c78dd860c13c0807acf3454c604e11c\cxf-rt-transports-http-3.2.4.jar;C:\Users\Nicky\.gradle\caches\modules-2\files-2.1\org.apache.cxf\cxf-core\3.2.4\fa6977ede9232e599eab2aa72fea8309dced1492\cxf-core-3.2.4.jar;C:\Users\Nicky\.gradle\caches\modules-2\files-2.1\javax.ws.rs\javax.ws.rs-api\2.1\426a0862406536e690c7caa8bb6ed32191986fac\javax.ws.rs-api-2.1.jar;C:\Users\Nicky\.gradle\caches\modules-2\files-2.1\javax.annotation\javax.annotation-api\1.3.2\934c04d3cfef185a8008e7bf34331b79730a9d43\javax.annotation-api-1.3.2.jar;C:\Users\Nicky\.gradle\caches\modules-2\files-2.1\com.fasterxml.jackson.datatype\jackson-datatype-jdk8\2.9.6\456895fc91bf7180b216fead220373e6278230c9\jackson-datatype-jdk8-2.9.6.jar;C:\Users\Nicky\.gradle\caches\modules-2\files-2.1\com.fasterxml.jackson.datatype\jackson-datatype-jsr310\2.9.6\ea54f6193d224e5e5732bbd4262327eb465397c2\jackson-datatype-jsr310-2.9.6.jar;C:\Users\Nicky\.gradle\caches\modules-2\files-2.1\com.fasterxml.jackson.module\jackson-module-parameter-names\2.9.6\129acd77a4b6ee30d62d3a0899b1344c8ec2bff8\jackson-module-parameter-names-2.9.6.jar;C:\Users\Nicky\.gradle\caches\modules-2\files-2.1\io.swagger.core.v3\swagger-integration\2.0.0-rc4\543e897d5297d3606ff7f486be5a23704280325e\swagger-integration-2.0.0-rc4.jar;C:\Users\Nicky\.gradle\caches\modules-2\files-2.1\io.swagger.core.v3\swagger-core\2.0.0-rc4\183221776fb9ca40b357b87f27044c3cfbdf038a\swagger-core-2.0.0-rc4.jar;C:\Users\Nicky\.gradle\caches\modules-2\files-2.1\com.fasterxml.jackson.core\jackson-databind\2.9.6\cfa4f316351a91bfd95cb0644c6a2c95f52db1fc\jackson-databind-2.9.6.jar;C:\Users\Nicky\.gradle\caches\modules-2\files-2.1\org.reflections\reflections\0.9.11\4c686033d918ec1727e329b7222fcb020152e32b\reflections-0.9.11.jar;C:\Users\Nicky\.gradle\caches\modules-2\files-2.1\org.javassist\javassist\3.21.0-GA\598244f595db5c5fb713731eddbb1c91a58d959b\javassist-3.21.0-GA.jar;C:\Users\Nicky\.gradle\caches\modules-2\files-2.1\io.swagger.core.v3\swagger-models\2.0.0-rc4\4527b9eac43beed083f0f75edb181ae7fda79da\swagger-models-2.0.0-rc4.jar;C:\Users\Nicky\.gradle\caches\modules-2\files-2.1\io.swagger.core.v3\swagger-annotations\2.0.0-rc4\71a9b2b43ee6c6de591ca5368c30960b23a46cc3\swagger-annotations-2.0.0-rc4.jar;C:\Users\Nicky\.gradle\caches\modules-2\files-2.1\org.springframework.boot\spring-boot-starter-logging\2.0.5.RELEASE\c353e0b9591d0765c687ff0a678478cbebfd5c23\spring-boot-starter-logging-2.0.5.RELEASE.jar;C:\Users\Nicky\.gradle\caches\modules-2\files-2.1\com.fasterxml.jackson.dataformat\jackson-dataformat-yaml\2.9.6\2cf807d8a1a6a52e80a269e73b2fd8c0df06a42b\jackson-dataformat-yaml-2.9.6.jar;C:\Users\Nicky\.gradle\caches\modules-2\files-2.1\org.yaml\snakeyaml\1.19\2d998d3d674b172a588e54ab619854d073f555b5\snakeyaml-1.19.jar;C:\Users\Nicky\.gradle\caches\modules-2\files-2.1\org.apache.tomcat.embed\tomcat-embed-websocket\8.5.34\5f86906367c2540b21e6aeecc277d2ce9ec939b0\tomcat-embed-websocket-8.5.34.jar;C:\Users\Nicky\.gradle\caches\modules-2\files-2.1\org.apache.tomcat.embed\tomcat-embed-core\8.5.34\a038040d68a90397f95dd1e11b979fe364a5000f\tomcat-embed-core-8.5.34.jar;C:\Users\Nicky\.gradle\caches\modules-2\files-2.1\org.apache.tomcat.embed\tomcat-embed-el\8.5.34\be71a9a5bdd001db7cf97c47429eec0bdd3b7b88\tomcat-embed-el-8.5.34.jar;C:\Users\Nicky\.gradle\caches\modules-2\files-2.1\javax.validation\validation-api\2.0.1.Final\cb855558e6271b1b32e716d24cb85c7f583ce09e\validation-api-2.0.1.Final.jar;C:\Users\Nicky\.gradle\caches\modules-2\files-2.1\org.jboss.logging\jboss-logging\3.3.2.Final\3789d00e859632e6c6206adc0c71625559e6e3b0\jboss-logging-3.3.2.Final.jar;C:\Users\Nicky\.gradle\caches\modules-2\files-2.1\com.fasterxml\classmate\1.3.4\3d5f48f10bbe4eb7bd862f10c0583be2e0053c6\classmate-1.3.4.jar;C:\Users\Nicky\.gradle\caches\modules-2\files-2.1\net.minidev\json-smart\2.3\7396407491352ce4fa30de92efb158adb76b5b\json-smart-2.3.jar;C:\Users\Nicky\.gradle\caches\modules-2\files-2.1\ch.qos.logback\logback-classic\1.2.3\7c4f3c474fb2c041d8028740440937705ebb473a\logback-classic-1.2.3.jar;C:\Users\Nicky\.gradle\caches\modules-2\files-2.1\org.apache.logging.log4j\log4j-to-slf4j\2.10.0\f7e631ccf49cfc0aefa4a2a728da7d374c05bd3c\log4j-to-slf4j-2.10.0.jar;C:\Users\Nicky\.gradle\caches\modules-2\files-2.1\org.slf4j\jul-to-slf4j\1.7.25\af5364cd6679bfffb114f0dec8a157aaa283b76\jul-to-slf4j-1.7.25.jar;C:\Users\Nicky\.gradle\caches\modules-2\files-2.1\org.slf4j\slf4j-api\1.7.25\da76ca59f6a57ee3102f8f9bd9cee742973efa8a\slf4j-api-1.7.25.jar;C:\Users\Nicky\.gradle\caches\modules-2\files-2.1\net.bytebuddy\byte-buddy\1.7.11\f02857a4e2c66ccbe7aaad6100a0a6c461bce9b3\byte-buddy-1.7.11.jar;C:\Users\Nicky\.gradle\caches\modules-2\files-2.1\net.bytebuddy\byte-buddy-agent\1.7.11\b425a8933ca07edd03c6dbc8bc3b595fba9780de\byte-buddy-agent-1.7.11.jar;C:\Users\Nicky\.gradle\caches\modules-2\files-2.1\org.objenesis\objenesis\2.6\639033469776fd37c08358c6b92a4761feb2af4b\objenesis-2.6.jar;C:\Users\Nicky\.gradle\caches\modules-2\files-2.1\com.vaadin.external.google\android-json\0.0.20131108.vaadin1\fa26d351fe62a6a17f5cda1287c1c6110dec413f\android-json-0.0.20131108.vaadin1.jar;C:\Users\Nicky\.gradle\caches\modules-2\files-2.1\org.springframework\spring-jcl\5.0.9.RELEASE\bc3b5aaae53f0bc03647e53ecbd98a05b47a4e90\spring-jcl-5.0.9.RELEASE.jar;C:\Users\Nicky\.gradle\caches\modules-2\files-2.1\com.fasterxml.woodstox\woodstox-core\5.0.3\10aa199207fda142eff01cd61c69244877d71770\woodstox-core-5.0.3.jar;C:\Users\Nicky\.gradle\caches\modules-2\files-2.1\org.apache.ws.xmlschema\xmlschema-core\2.2.3\920a9a3132f925554ae8432d9473c8806734a8ec\xmlschema-core-2.2.3.jar;C:\Users\Nicky\.gradle\caches\modules-2\files-2.1\com.fasterxml.jackson.core\jackson-annotations\2.9.0\7c10d545325e3a6e72e06381afe469fd40eb701\jackson-annotations-2.9.0.jar;C:\Users\Nicky\.gradle\caches\modules-2\files-2.1\com.fasterxml.jackson.core\jackson-core\2.9.6\4e393793c37c77e042ccc7be5a914ae39251b365\jackson-core-2.9.6.jar;C:\Users\Nicky\.gradle\caches\modules-2\files-2.1\com.google.guava\guava\20.0\89507701249388e1ed5ddcf8c41f4ce1be7831ef\guava-20.0.jar;C:\Users\Nicky\.gradle\caches\modules-2\files-2.1\net.minidev\accessors-smart\1.2\c592b500269bfde36096641b01238a8350f8aa31\accessors-smart-1.2.jar;C:\Users\Nicky\.gradle\caches\modules-2\files-2.1\org.codehaus.woodstox\stax2-api\3.1.4\ac19014b1e6a7c08aad07fe114af792676b685b7\stax2-api-3.1.4.jar;C:\Users\Nicky\.gradle\caches\modules-2\files-2.1\org.apache.commons\commons-lang3\3.7\557edd918fd41f9260963583ebf5a61a43a6b423\commons-lang3-3.7.jar;C:\Users\Nicky\.gradle\caches\modules-2\files-2.1\ch.qos.logback\logback-core\1.2.3\864344400c3d4d92dfeb0a305dc87d953677c03c\logback-core-1.2.3.jar;C:\Users\Nicky\.gradle\caches\modules-2\files-2.1\org.apache.logging.log4j\log4j-api\2.10.0\fec5797a55b786184a537abd39c3fa1449d752d6\log4j-api-2.10.0.jar;C:\Users\Nicky\.gradle\caches\modules-2\files-2.1\org.ow2.asm\asm\5.0.4\da08b8cce7bbf903602a25a3a163ae252435795\asm-5.0.4.jar, java.vm.vendor=Oracle Corporation, sun.arch.data.model=64, user.variant=, java.vendor.url=http://java.oracle.com/, user.timezone=Europe/London, os.name=Windows 10, java.vm.specification.version=11, user.country=GB, sun.java.launcher=SUN_STANDARD, sun.boot.library.path=C:\Program Files\Java\jdk-11.0.2\bin, sun.java.command=worker.org.gradle.process.internal.worker.GradleWorkerMain 'Gradle Test Executor 2', jdk.debug=release, sun.cpu.endian=little, user.home=C:\Users\Nicky, user.language=en, java.specification.vendor=Oracle Corporation, org.gradle.native=false, java.version.date=2019-01-15, java.home=C:\Program Files\Java\jdk-11.0.2, file.separator=\, java.vm.compressedOopsMode=32-bit, line.separator=
, java.specification.name=Java Platform API Specification, java.vm.specification.vendor=Oracle Corporation, java.awt.graphicsenv=sun.awt.Win32GraphicsEnvironment, user.script=, sun.management.compiler=HotSpot 64-Bit Tiered Compilers, java.runtime.version=11.0.2+9-LTS, user.name=Nicky, path.separator=;, os.version=10.0, java.runtime.name=Java(TM) SE Runtime Environment, file.encoding=windows-1252, java.vm.name=Java HotSpot(TM) 64-Bit Server VM, java.vendor.version=18.9, java.vendor.url.bug=http://bugreport.java.com/bugreport/, java.io.tmpdir=C:\Users\Nicky\AppData\Local\Temp\, java.version=11.0.2, user.dir=C:\Users\Nicky\Documents\Advanced Software Engineering\TrinityWayFinders\Code\HighLevelAPI, os.arch=amd64, java.vm.specification.name=Java Virtual Machine Specification, java.awt.printerjob=sun.awt.windows.WPrinterJob, sun.os.patch.level=, java.library.path=C:\Program Files\Java\jdk-11.0.2\bin;C:\WINDOWS\Sun\Java\bin;C:\WINDOWS\system32;C:\WINDOWS;C:/Program Files/Java/jdk-11.0.2/bin/server;C:/Program Files/Java/jdk-11.0.2/bin;%JAVA_HOME%\bin;C:\Python37\Scripts\;C:\Python37\;C:\Program Files (x86)\Intel\Intel(R) Management Engine Components\iCLS\;C:\Program Files\Intel\Intel(R) Management Engine Components\iCLS\;C:\Windows\system32;C:\Windows;C:\Windows\System32\Wbem;C:\Windows\System32\WindowsPowerShell\v1.0\;C:\Program Files (x86)\Intel\Intel(R) Management Engine Components\DAL;C:\Program Files\Intel\Intel(R) Management Engine Components\DAL;C:\Program Files (x86)\Intel\Intel(R) Management Engine Components\IPT;C:\Program Files\Intel\Intel(R) Management Engine Components\IPT;C:\Program Files (x86)\NVIDIA Corporation\PhysX\Common;C:\Program Files\Intel\WiFi\bin\;C:\Program Files\Common Files\Intel\WirelessCommon\;C:\ProgramData\chocolatey\bin;C:\Program Files\CMake\bin;C:\Program Files\Git\cmd;C:\Program Files\doxygen\bin;C:\WINDOWS\system32;C:\WINDOWS;C:\WINDOWS\System32\Wbem;C:\WINDOWS\System32\WindowsPowerShell\v1.0\;C:\WINDOWS\System32\OpenSSH\;D:\Program Files\nodejs\;D:\Downloads\Setups\Kubectl;C:\Users\Nicky\AppData\Local\Microsoft\WindowsApps;C:\Users\Nicky\AppData\Local\atom\bin;C:\Program Files (x86)\Java\jdk1.8.0_181\bin;D:\Downloads\apache-maven-3.5.4-bin\apache-maven-3.5.4\bin;C:\Users\Nicky\AppData\Local\Microsoft\WindowsApps;D:\Users\Nicky\AppData\Local\Programs\MiKTeX 2.9\miktex\bin\x64\;D:\Python27;D:\Program Files\phantomjs-2.1.1-windows\bin;C:\Users\Nicky\AppData\Roaming\npm;C:\Users\Nicky\Downloads\eclipse-jee-2018-12-R-win32-x86_64\eclipse;;., java.vendor=Oracle Corporation, java.vm.info=mixed mode, java.vm.version=11.0.2+9-LTS, sun.io.unicode.encoding=UnicodeLittle, java.class.version=55.0}}, SystemEnvironmentPropertySource@547148795 {name='systemEnvironment', properties={USERDOMAIN_ROAMINGPROFILE=LAPTOP-BIOU57LM, PROCESSOR_LEVEL=6, SESSIONNAME=Console, ALLUSERSPROFILE=C:\ProgramData, PROCESSOR_ARCHITECTURE=AMD64, GNUARMEMB_TOOLCHAIN_PATH=c:\gnuarmemb, PSModulePath=C:\Program Files\WindowsPowerShell\Modules;C:\WINDOWS\system32\WindowsPowerShell\v1.0\Modules, SystemDrive=C:, USERNAME=Nicky, GPU_USE_SYNC_OBJECTS=1, ProgramFiles(x86)=C:\Program Files (x86), GPU_MAX_ALLOC_PERCENT=100, PATHEXT=.COM;.EXE;.BAT;.CMD;.VBS;.VBE;.JS;.JSE;.WSF;.WSH;.MSC;.PY;.PYW, DriverData=C:\Windows\System32\Drivers\DriverData, OneDriveConsumer=C:\Users\Nicky\OneDrive, ProgramData=C:\ProgramData, ProgramW6432=C:\Program Files, HOMEPATH=\Users\Nicky, PROCESSOR_IDENTIFIER=Intel64 Family 6 Model 158 Stepping 10, GenuineIntel, ProgramFiles=C:\Program Files, PUBLIC=C:\Users\Public, windir=C:\WINDOWS, =::=::\, GPU_MAX_HEAP_SIZE=100, LOCALAPPDATA=C:\Users\Nicky\AppData\Local, ChocolateyLastPathUpdate=Mon Sep 17 17:50:07 2018, GPU_SINGLE_ALLOC_PERCENT=100, GPU_FORCE_64BIT_PTR=0, USERDOMAIN=LAPTOP-BIOU57LM, LOGONSERVER=\\LAPTOP-BIOU57LM, JAVA_HOME=C:\Program Files (x86)\Java\jdk1.8.0_181, ZEPHYR_BASE=c:/cs7ns2/zephyr, OneDrive=C:\Users\Nicky\OneDrive, APPDATA=C:\Users\Nicky\AppData\Roaming, ChocolateyInstall=C:\ProgramData\chocolatey, VBOX_MSI_INSTALL_PATH=D:\Program Files\Oracle\VirtualBox\, CommonProgramFiles=C:\Program Files\Common Files, Path=C:/Program Files/Java/jdk-11.0.2/bin/server;C:/Program Files/Java/jdk-11.0.2/bin;%JAVA_HOME%\bin;C:\Python37\Scripts\;C:\Python37\;C:\Program Files (x86)\Intel\Intel(R) Management Engine Components\iCLS\;C:\Program Files\Intel\Intel(R) Management Engine Components\iCLS\;C:\Windows\system32;C:\Windows;C:\Windows\System32\Wbem;C:\Windows\System32\WindowsPowerShell\v1.0\;C:\Program Files (x86)\Intel\Intel(R) Management Engine Components\DAL;C:\Program Files\Intel\Intel(R) Management Engine Components\DAL;C:\Program Files (x86)\Intel\Intel(R) Management Engine Components\IPT;C:\Program Files\Intel\Intel(R) Management Engine Components\IPT;C:\Program Files (x86)\NVIDIA Corporation\PhysX\Common;C:\Program Files\Intel\WiFi\bin\;C:\Program Files\Common Files\Intel\WirelessCommon\;C:\ProgramData\chocolatey\bin;C:\Program Files\CMake\bin;C:\Program Files\Git\cmd;C:\Program Files\doxygen\bin;C:\WINDOWS\system32;C:\WINDOWS;C:\WINDOWS\System32\Wbem;C:\WINDOWS\System32\WindowsPowerShell\v1.0\;C:\WINDOWS\System32\OpenSSH\;D:\Program Files\nodejs\;D:\Downloads\Setups\Kubectl;C:\Users\Nicky\AppData\Local\Microsoft\WindowsApps;C:\Users\Nicky\AppData\Local\atom\bin;C:\Program Files (x86)\Java\jdk1.8.0_181\bin;D:\Downloads\apache-maven-3.5.4-bin\apache-maven-3.5.4\bin;C:\Users\Nicky\AppData\Local\Microsoft\WindowsApps;D:\Users\Nicky\AppData\Local\Programs\MiKTeX 2.9\miktex\bin\x64\;D:\Python27;D:\Program Files\phantomjs-2.1.1-windows\bin;C:\Users\Nicky\AppData\Roaming\npm;C:\Users\Nicky\Downloads\eclipse-jee-2018-12-R-win32-x86_64\eclipse;, OS=Windows_NT, COMPUTERNAME=LAPTOP-BIOU57LM, PROCESSOR_REVISION=9e0a, CLASSPATH=C:\Users\Nicky\Documents\NetBeansProjects\lucene-7.5.0\lucene-7.5.0\core\lucene-core-7.5.0.jar;C:\Users\Nicky\Documents\NetBeansProjects\lucene-7.5.0\lucene-7.5.0\analysis\common\lucene-analyzers-common-7.5.0.jar;C:\Users\Nicky\Documents\NetBeansProjects\lucene-7.5.0\lucene-7.5.0\queryparser\lucene-queryparser-7.5.0.jar;, CommonProgramW6432=C:\Program Files\Common Files, ComSpec=C:\WINDOWS\system32\cmd.exe, SystemRoot=C:\WINDOWS, TEMP=C:\Users\Nicky\AppData\Local\Temp, HOMEDRIVE=C:, USERPROFILE=C:\Users\Nicky, TMP=C:\Users\Nicky\AppData\Local\Temp, CommonProgramFiles(x86)=C:\Program Files (x86)\Common Files, NUMBER_OF_PROCESSORS=12, ZEPHYR_TOOLCHAIN_VARIANT=gnuarmemb}}]
16:34:33.362 [Test worker] DEBUG org.springframework.test.context.support.TestPropertySourceUtils - Adding inlined properties to environment: {spring.jmx.enabled=false, org.springframework.boot.test.context.SpringBootTestContextBootstrapper=true, server.port=-1}
16:34:33.362 [Test worker] DEBUG org.springframework.core.env.StandardEnvironment - Adding PropertySource 'Inlined Test Properties' with highest search precedence

  .   ____          _            __ _ _
 /\\ / ___'_ __ _ _(_)_ __  __ _ \ \ \ \
( ( )\___ | '_ | '_| | '_ \/ _` | \ \ \ \
 \\/  ___)| |_)| | | | | || (_| |  ) ) ) )
  '  |____| .__|_| |_|_| |_\__, | / / / /
 =========|_|==============|___/=/_/_/_/
 :: Spring Boot ::        (v2.0.5.RELEASE)

2019-02-19 16:34:33.803  INFO 18852 --- [    Test worker] i.t.w.highlevel.navigation.LibraryTest   : Starting LibraryTest on LAPTOP-BIOU57LM with PID 18852 (started by Nicky in C:\Users\Nicky\Documents\Advanced Software Engineering\TrinityWayFinders\Code\HighLevelAPI)
2019-02-19 16:34:33.804  INFO 18852 --- [    Test worker] i.t.w.highlevel.navigation.LibraryTest   : No active profile set, falling back to default profiles: default
2019-02-19 16:34:33.836  INFO 18852 --- [    Test worker] o.s.w.c.s.GenericWebApplicationContext   : Refreshing org.springframework.web.context.support.GenericWebApplicationContext@4831e7e7: startup date [Tue Feb 19 16:34:33 GMT 2019]; root of context hierarchy
2019-02-19 16:34:35.257  INFO 18852 --- [    Test worker] o.s.w.s.handler.SimpleUrlHandlerMapping  : Mapped URL path [/**/favicon.ico] onto handler of type [class org.springframework.web.servlet.resource.ResourceHttpRequestHandler]
2019-02-19 16:34:35.490  INFO 18852 --- [    Test worker] s.w.s.m.m.a.RequestMappingHandlerAdapter : Looking for @ControllerAdvice: org.springframework.web.context.support.GenericWebApplicationContext@4831e7e7: startup date [Tue Feb 19 16:34:33 GMT 2019]; root of context hierarchy
2019-02-19 16:34:35.569  INFO 18852 --- [    Test worker] s.w.s.m.m.a.RequestMappingHandlerMapping : Mapped "{[/]}" onto public java.lang.String ie.tcd.wayfinder.highlevel.navigation.NavigationController.index()
2019-02-19 16:34:35.570  INFO 18852 --- [    Test worker] s.w.s.m.m.a.RequestMappingHandlerMapping : Mapped "{[/navigation/start/{startLong}/{startLat}/destination/{destLong}/{destLat}/],methods=[GET]}" onto public org.springframework.http.ResponseEntity<java.lang.String> ie.tcd.wayfinder.highlevel.navigation.NavigationController.FindRoute(java.lang.Float,java.lang.Float,java.lang.Float,java.lang.Float) throws java.io.IOException
2019-02-19 16:34:35.572  INFO 18852 --- [    Test worker] s.w.s.m.m.a.RequestMappingHandlerMapping : Mapped "{[/error]}" onto public org.springframework.http.ResponseEntity<java.util.Map<java.lang.String, java.lang.Object>> org.springframework.boot.autoconfigure.web.servlet.error.BasicErrorController.error(javax.servlet.http.HttpServletRequest)
2019-02-19 16:34:35.574  INFO 18852 --- [    Test worker] s.w.s.m.m.a.RequestMappingHandlerMapping : Mapped "{[/error],produces=[text/html]}" onto public org.springframework.web.servlet.ModelAndView org.springframework.boot.autoconfigure.web.servlet.error.BasicErrorController.errorHtml(javax.servlet.http.HttpServletRequest,javax.servlet.http.HttpServletResponse)
2019-02-19 16:34:35.603  INFO 18852 --- [    Test worker] o.s.w.s.handler.SimpleUrlHandlerMapping  : Mapped URL path [/webjars/**] onto handler of type [class org.springframework.web.servlet.resource.ResourceHttpRequestHandler]
2019-02-19 16:34:35.604  INFO 18852 --- [    Test worker] o.s.w.s.handler.SimpleUrlHandlerMapping  : Mapped URL path [/**] onto handler of type [class org.springframework.web.servlet.resource.ResourceHttpRequestHandler]
2019-02-19 16:34:35.780  INFO 18852 --- [    Test worker] o.s.b.t.m.w.SpringBootMockServletContext : Initializing Spring FrameworkServlet ''
2019-02-19 16:34:35.781  INFO 18852 --- [    Test worker] o.s.t.web.servlet.TestDispatcherServlet  : FrameworkServlet '': initialization started
2019-02-19 16:34:35.797  INFO 18852 --- [    Test worker] o.s.t.web.servlet.TestDispatcherServlet  : FrameworkServlet '': initialization completed in 16 ms
2019-02-19 16:34:35.849  INFO 18852 --- [    Test worker] i.t.w.highlevel.navigation.LibraryTest   : Started LibraryTest in 2.475 seconds (JVM running for 3.652)
2019-02-19 16:34:36.046  WARN 18852 --- [    Test worker] .w.s.m.s.DefaultHandlerExceptionResolver : Resolved [org.springframework.web.method.annotation.MethodArgumentTypeMismatchException: Failed to convert value of type 'java.lang.String' to required type 'java.lang.Float'; nested exception is java.lang.NumberFormatException: For input string: "123asd4"]
]]></system-out>
  <system-err><![CDATA[]]></system-err>
</testsuite>
